<?xml version="1.0" encoding="UTF-8"?>
<testsuite xmlns:xsi="http://www.w3.org/2001/XMLSchema-instance" xsi:schemaLocation="https://maven.apache.org/surefire/maven-surefire-plugin/xsd/surefire-test-report.xsd" name="runner.RunnerTest" time="7.012" tests="43" errors="0" skipped="0" failures="0">
  <properties>
    <property name="java.runtime.name" value="OpenJDK Runtime Environment"/>
    <property name="sun.boot.library.path" value="C:\Program Files\Zulu\zulu-8\jre\bin"/>
    <property name="java.vm.version" value="25.272-b17"/>
    <property name="jdk.vendor.version" value="Zulu 8.50.0.21-CA-win64"/>
    <property name="java.vm.vendor" value="Azul Systems, Inc."/>
    <property name="maven.multiModuleProjectDirectory" value="C:\Users\Nicolas\Google Drive\Pós  Engenharia de Software_\Automação de Testes\Entregaveis\teste-integracao"/>
    <property name="java.vendor.url" value="http://www.azulsystems.com/"/>
    <property name="path.separator" value=";"/>
    <property name="guice.disable.misplaced.annotation.check" value="true"/>
    <property name="java.vm.name" value="OpenJDK 64-Bit Server VM"/>
    <property name="file.encoding.pkg" value="sun.io"/>
    <property name="user.script" value=""/>
    <property name="user.country" value="BR"/>
    <property name="sun.java.launcher" value="SUN_STANDARD"/>
    <property name="sun.os.patch.level" value=""/>
    <property name="java.vm.specification.name" value="Java Virtual Machine Specification"/>
    <property name="user.dir" value="C:\Users\Nicolas\Google Drive\Pós  Engenharia de Software_\Automação de Testes\Entregaveis\teste-integracao"/>
    <property name="java.runtime.version" value="1.8.0_272-b17"/>
    <property name="java.awt.graphicsenv" value="sun.awt.Win32GraphicsEnvironment"/>
    <property name="java.endorsed.dirs" value="C:\Program Files\Zulu\zulu-8\jre\lib\endorsed"/>
    <property name="os.arch" value="amd64"/>
    <property name="java.io.tmpdir" value="C:\Users\Nicolas\AppData\Local\Temp\"/>
    <property name="line.separator" value="&#10;"/>
    <property name="java.vm.specification.vendor" value="Oracle Corporation"/>
    <property name="user.variant" value=""/>
    <property name="os.name" value="Windows 10"/>
    <property name="classworlds.conf" value="C:\Program Files\apache-maven-3.6.3\bin\..\bin\m2.conf"/>
    <property name="sun.jnu.encoding" value="Cp1252"/>
    <property name="java.library.path" value="C:\Program Files\Zulu\zulu-8\bin;C:\WINDOWS\Sun\Java\bin;C:\WINDOWS\system32;C:\WINDOWS;C:\Program Files\Zulu\zulu-8\bin\;C:\Program Files (x86)\Common Files\Oracle\Java\javapath;C:\WINDOWS\system32;C:\WINDOWS;C:\WINDOWS\System32\Wbem;C:\WINDOWS\System32\WindowsPowerShell\v1.0\;C:\WINDOWS\System32\OpenSSH\;C:\Program Files\dotnet\;C:\Program Files\Microsoft SQL Server\130\Tools\Binn\;C:\Program Files\Microsoft SQL Server\Client SDK\ODBC\170\Tools\Binn\;C:\Program Files\Git\cmd;C:\Program Files\nodejs\;C:\Program Files (x86)\Microsoft SQL Server\150\DTS\Binn\;C:\Program Files (x86)\Microsoft SQL Server\150\Tools\Binn\;C:\Program Files\Microsoft SQL Server\150\Tools\Binn\;C:\Program Files\Microsoft SQL Server\150\DTS\Binn\;C:\Program Files\Amazon\AWSCLI\bin\;C:\Users\Nicolas\AppData\Local\Programs\Python\Python38-32\Scripts\;C:\Users\Nicolas\AppData\Roaming\Python\Python38\Scripts;;C:\Program Files\OpenSSH\bin;C:\Program Files\Docker\Docker\resources\bin;C:\ProgramData\DockerDesktop\version-bin;C:\Users\Nicolas\AppData\Local\Programs\Python\Python38-32\Scripts\;C:\Users\Nicolas\AppData\Local\Programs\Python\Python38-32\;C:\Program Files\MySQL\MySQL Shell 8.0\bin\;C:\Users\Nicolas\AppData\Local\Microsoft\WindowsApps;C:\Users\Nicolas\AppData\Local\Programs\Microsoft VS Code\bin;C:\Users\Nicolas\AppData\Roaming\npm;C:\Users\Nicolas\.dotnet\tools;C:\Users\Nicolas\AppData\Roaming\Python\Python38\Scripts;%JAVA_HOME%\BIN;C:\Program Files\apache-maven-3.6.3\BIN;;."/>
    <property name="maven.conf" value="C:\Program Files\apache-maven-3.6.3\bin\../conf"/>
    <property name="java.specification.name" value="Java Platform API Specification"/>
    <property name="java.class.version" value="52.0"/>
    <property name="sun.management.compiler" value="HotSpot 64-Bit Tiered Compilers"/>
    <property name="os.version" value="10.0"/>
    <property name="library.jansi.path" value="C:\Program Files\apache-maven-3.6.3\bin\..\lib\jansi-native"/>
    <property name="user.home" value="C:\Users\Nicolas"/>
    <property name="user.timezone" value="America/Sao_Paulo"/>
    <property name="java.awt.printerjob" value="sun.awt.windows.WPrinterJob"/>
    <property name="java.specification.version" value="1.8"/>
    <property name="file.encoding" value="Cp1252"/>
    <property name="user.name" value="Nicolas"/>
    <property name="java.class.path" value="C:\Program Files\apache-maven-3.6.3\bin\..\boot\plexus-classworlds-2.6.0.jar"/>
    <property name="java.vm.specification.version" value="1.8"/>
    <property name="sun.arch.data.model" value="64"/>
    <property name="java.home" value="C:\Program Files\Zulu\zulu-8\jre"/>
    <property name="sun.java.command" value="org.codehaus.plexus.classworlds.launcher.Launcher verify"/>
    <property name="java.specification.vendor" value="Oracle Corporation"/>
    <property name="user.language" value="pt"/>
    <property name="awt.toolkit" value="sun.awt.windows.WToolkit"/>
    <property name="java.vm.info" value="mixed mode"/>
    <property name="java.version" value="1.8.0_272"/>
    <property name="java.ext.dirs" value="C:\Program Files\Zulu\zulu-8\jre\lib\ext;C:\WINDOWS\Sun\Java\lib\ext"/>
    <property name="sun.boot.class.path" value="C:\Program Files\Zulu\zulu-8\jre\lib\resources.jar;C:\Program Files\Zulu\zulu-8\jre\lib\rt.jar;C:\Program Files\Zulu\zulu-8\jre\lib\sunrsasign.jar;C:\Program Files\Zulu\zulu-8\jre\lib\jsse.jar;C:\Program Files\Zulu\zulu-8\jre\lib\jce.jar;C:\Program Files\Zulu\zulu-8\jre\lib\charsets.jar;C:\Program Files\Zulu\zulu-8\jre\lib\jfr.jar;C:\Program Files\Zulu\zulu-8\jre\classes"/>
    <property name="sun.stderr.encoding" value="cp850"/>
    <property name="java.vendor" value="Azul Systems, Inc."/>
    <property name="maven.home" value="C:\Program Files\apache-maven-3.6.3\bin\.."/>
    <property name="file.separator" value="\"/>
    <property name="java.vendor.url.bug" value="http://www.azulsystems.com/support/"/>
    <property name="sun.cpu.endian" value="little"/>
    <property name="sun.io.unicode.encoding" value="UnicodeLittle"/>
    <property name="sun.stdout.encoding" value="cp850"/>
    <property name="sun.desktop" value="windows"/>
    <property name="sun.cpu.isalist" value="amd64"/>
  </properties>
  <testcase name="Dado que o usuário deseja salvar um novo processo" classname="Cenário: Cadastro de Processo - POST" time="0.005"/>
  <testcase name="E o usuário informar no campo &quot;vara&quot; o valor &quot;3&quot;" classname="Cenário: Cadastro de Processo - POST" time="0"/>
  <testcase name="E o usuário informar no campo &quot;numero_processo&quot; o valor &quot;4&quot;" classname="Cenário: Cadastro de Processo - POST" time="0"/>
  <testcase name="E o usuário informar no campo &quot;natureza&quot; o valor &quot;Guarda&quot;" classname="Cenário: Cadastro de Processo - POST" time="0"/>
  <testcase name="E o usuário informar no campo &quot;partes&quot; o valor &quot;Jose x Maria&quot;" classname="Cenário: Cadastro de Processo - POST" time="0"/>
  <testcase name="E o usuário informar no campo &quot;urgente&quot; o valor &quot;N&quot;" classname="Cenário: Cadastro de Processo - POST" time="0"/>
  <testcase name="E o usuário informar no campo &quot;arbitramento&quot; o valor &quot;S&quot;" classname="Cenário: Cadastro de Processo - POST" time="0"/>
  <testcase name="E o usuário informar no campo &quot;assistente_social&quot; o valor &quot;Gisele&quot;" classname="Cenário: Cadastro de Processo - POST" time="0"/>
  <testcase name="E o usuário informar no campo &quot;data_entrada&quot; o valor &quot;20/10/2020&quot;" classname="Cenário: Cadastro de Processo - POST" time="0"/>
  <testcase name="E o usuário informar no campo &quot;data_saida&quot; o valor &quot;&quot;" classname="Cenário: Cadastro de Processo - POST" time="0"/>
  <testcase name="E o usuário informar no campo &quot;data_agendamento&quot; o valor &quot;&quot;" classname="Cenário: Cadastro de Processo - POST" time="0"/>
  <testcase name="E o usuário informar no campo &quot;status&quot; o valor &quot;Aguardando&quot;" classname="Cenário: Cadastro de Processo - POST" time="0"/>
  <testcase name="E o usuário informar no campo &quot;observacao&quot; o valor &quot;&quot;" classname="Cenário: Cadastro de Processo - POST" time="0.001"/>
  <testcase name="Quando o usuário clicar em salvar" classname="Cenário: Cadastro de Processo - POST" time="0"/>
  <testcase name="Então o usuário deveria ver a mensagem &quot;Processo cadastrado com sucesso&quot;" classname="Cenário: Cadastro de Processo - POST" time="0"/>
  <testcase name="Cenário: Cadastro de Processo - POST" classname="Cenário: Cadastro de Processo - POST" time="0.002"/>
  <testcase name="Dado que o usuário deseja salvar um novo processo" classname="Cenário: Consulta de Processo - GET" time="0.001"/>
  <testcase name="E o usuário informar no campo &quot;vara&quot; o valor &quot;3&quot;" classname="Cenário: Consulta de Processo - GET" time="0.001"/>
  <testcase name="E o usuário informar no campo &quot;numero_processo&quot; o valor &quot;4&quot;" classname="Cenário: Consulta de Processo - GET" time="0"/>
  <testcase name="E o usuário informar no campo &quot;natureza&quot; o valor &quot;Guarda&quot;" classname="Cenário: Consulta de Processo - GET" time="0"/>
  <testcase name="E o usuário informar no campo &quot;partes&quot; o valor &quot;Jose x Maria&quot;" classname="Cenário: Consulta de Processo - GET" time="0"/>
  <testcase name="E o usuário informar no campo &quot;urgente&quot; o valor &quot;N&quot;" classname="Cenário: Consulta de Processo - GET" time="0"/>
  <testcase name="E o usuário informar no campo &quot;arbitramento&quot; o valor &quot;S&quot;" classname="Cenário: Consulta de Processo - GET" time="0.002"/>
  <testcase name="E o usuário informar no campo &quot;assistente_social&quot; o valor &quot;Gisele&quot;" classname="Cenário: Consulta de Processo - GET" time="0.001"/>
  <testcase name="E o usuário informar no campo &quot;data_entrada&quot; o valor &quot;20/10/2020&quot;" classname="Cenário: Consulta de Processo - GET" time="0"/>
  <testcase name="E o usuário informar no campo &quot;data_saida&quot; o valor &quot;&quot;" classname="Cenário: Consulta de Processo - GET" time="0"/>
  <testcase name="E o usuário informar no campo &quot;data_agendamento&quot; o valor &quot;&quot;" classname="Cenário: Consulta de Processo - GET" time="0"/>
  <testcase name="E o usuário informar no campo &quot;status&quot; o valor &quot;Aguardando&quot;" classname="Cenário: Consulta de Processo - GET" time="0"/>
  <testcase name="E o usuário informar no campo &quot;observacao&quot; o valor &quot;&quot;" classname="Cenário: Consulta de Processo - GET" time="0"/>
  <testcase name="E o usuário clicar no botão salvar" classname="Cenário: Consulta de Processo - GET" time="0"/>
  <testcase name="Quando o usuário clicar no botão consultar do cadastro" classname="Cenário: Consulta de Processo - GET" time="0.001"/>
  <testcase name="Entao o usuário deveria ver a mensagem &quot;Processo consultado com sucesso&quot;" classname="Cenário: Consulta de Processo - GET" time="0"/>
  <testcase name="E o usuário deverá ver no campo &quot;vara&quot; o valor &quot;3&quot;" classname="Cenário: Consulta de Processo - GET" time="0"/>
  <testcase name="E o usuário deverá ver no campo &quot;numero_processo&quot; o valor &quot;4&quot;" classname="Cenário: Consulta de Processo - GET" time="0"/>
  <testcase name="E o usuário deverá ver no campo &quot;natureza&quot; o valor &quot;Guarda&quot;" classname="Cenário: Consulta de Processo - GET" time="0"/>
  <testcase name="E o usuário deverá ver no campo &quot;partes&quot; o valor &quot;Jose x Maria&quot;" classname="Cenário: Consulta de Processo - GET" time="0"/>
  <testcase name="E o usuário deverá ver no campo &quot;urgente&quot; o valor &quot;N&quot;" classname="Cenário: Consulta de Processo - GET" time="0"/>
  <testcase name="E o usuário deverá ver no campo &quot;arbitramento&quot; o valor &quot;S&quot;" classname="Cenário: Consulta de Processo - GET" time="0"/>
  <testcase name="E o usuário deverá ver no campo &quot;assistente_social&quot; o valor &quot;Gisele&quot;" classname="Cenário: Consulta de Processo - GET" time="0"/>
  <testcase name="E o usuário deverá ver no campo &quot;data_entrada&quot; o valor &quot;2020-10-20&quot;" classname="Cenário: Consulta de Processo - GET" time="0"/>
  <testcase name="E o usuário deverá ver no campo &quot;status&quot; o valor &quot;Aguardando&quot;" classname="Cenário: Consulta de Processo - GET" time="0"/>
  <testcase name="E o usuário deverá ver no campo &quot;observacao&quot; o valor &quot;&quot;" classname="Cenário: Consulta de Processo - GET" time="0"/>
  <testcase name="Cenário: Consulta de Processo - GET" classname="Cenário: Consulta de Processo - GET" time="0"/>
</testsuite>